<?xml version="1.0" encoding="UTF-8"?>
<!-- Generated by org.testng.reporters.JUnitXMLReporter -->
<testsuite ignored="0" hostname="DESKTOP-767O602" failures="1" tests="1" name="myFile" time="0.062" errors="0" timestamp="2022-03-23T20:24:01 MSK">
  <testcase classname="firstTests.FirstTest" name="startTest" time="0.011">
    <failure type="java.lang.AssertionError" message="Проверяем, что текст содержит expected [true] but found [false]">
      <![CDATA[java.lang.AssertionError: Проверяем, что текст содержит expected [true] but found [false]
at firstTests.FirstTest.startTest(FirstTest.java:43)
at java.base/java.util.ArrayList.forEach(ArrayList.java:1511)
... Removed 38 stack frames]]>
    </failure>
  </testcase> <!-- startTest -->
</testsuite> <!-- myFile -->
